{"uid":"d641492d7f5eeaef","name":"Login attempt with invalid credentials","fullName":"src/test/resources/features/02_Login.feature:27","historyId":"43ec5f41a689e99a7e2d0ca84b93e102","time":{"start":1771564808312,"stop":1771564822423,"duration":14111},"description":"  As a registered user\n  I want to login with my credentials\n  So that I can access my account details securely","descriptionHtml":"<p>As a registered user<br />\nI want to login with my credentials<br />\nSo that I can access my account details securely</p>\n","status":"failed","statusMessage":"ERROR: The login error message is not visible on screen. expected [true] but found [false]","statusTrace":"java.lang.AssertionError: ERROR: The login error message is not visible on screen. expected [true] but found [false]\n\tat org.testng.Assert.fail(Assert.java:111)\n\tat org.testng.Assert.failNotEquals(Assert.java:1578)\n\tat org.testng.Assert.assertTrue(Assert.java:57)\n\tat com.seek.challenge.questions.LoginQuestions.verifyErrorMessage(LoginQuestions.java:38)\n\tat com.seek.challenge.stepdefinitions.LoginSteps.theErrorMessageShouldBeDisplayed(LoginSteps.java:66)\n\tat ✽.the error message \"Your email or password is incorrect!\" should be displayed(file:///home/runner/work/test-automation-seek-challenge/test-automation-seek-challenge/src/test/resources/features/02_Login.feature:20)\n","flaky":false,"newFailed":false,"newBroken":false,"newPassed":false,"retriesCount":0,"retriesStatusChange":false,"beforeStages":[{"name":"com.seek.challenge.hooks.Hooks.setUp(io.cucumber.java.Scenario)","time":{"start":1771564808312,"stop":1771564808313,"duration":1},"status":"passed","steps":[],"attachments":[],"parameters":[],"stepsCount":0,"shouldDisplayMessage":false,"attachmentsCount":0,"hasContent":false,"attachmentStep":false}],"testStage":{"description":"  As a registered user\n  I want to login with my credentials\n  So that I can access my account details securely","status":"failed","statusMessage":"ERROR: The login error message is not visible on screen. expected [true] but found [false]","statusTrace":"java.lang.AssertionError: ERROR: The login error message is not visible on screen. expected [true] but found [false]\n\tat org.testng.Assert.fail(Assert.java:111)\n\tat org.testng.Assert.failNotEquals(Assert.java:1578)\n\tat org.testng.Assert.assertTrue(Assert.java:57)\n\tat com.seek.challenge.questions.LoginQuestions.verifyErrorMessage(LoginQuestions.java:38)\n\tat com.seek.challenge.stepdefinitions.LoginSteps.theErrorMessageShouldBeDisplayed(LoginSteps.java:66)\n\tat ✽.the error message \"Your email or password is incorrect!\" should be displayed(file:///home/runner/work/test-automation-seek-challenge/test-automation-seek-challenge/src/test/resources/features/02_Login.feature:20)\n","steps":[{"name":"Given  the user is on the home page","time":{"start":1771564808313,"stop":1771564809216,"duration":903},"status":"passed","steps":[{"name":"Open base URL","time":{"start":1771564808621,"stop":1771564809215,"duration":594},"status":"passed","steps":[],"attachments":[],"parameters":[{"name":"url","value":"https://automationexercise.com/"}],"stepsCount":0,"shouldDisplayMessage":false,"attachmentsCount":0,"hasContent":true,"attachmentStep":false}],"attachments":[],"parameters":[],"stepsCount":1,"shouldDisplayMessage":false,"attachmentsCount":0,"hasContent":true,"attachmentStep":false},{"name":"When  the user navigates to the Login page","time":{"start":1771564809216,"stop":1771564809812,"duration":596},"status":"passed","steps":[{"name":"Navigate to the Login page","time":{"start":1771564809217,"stop":1771564809811,"duration":594},"status":"passed","steps":[{"name":"Click on 'Link Signup/Login'","time":{"start":1771564809255,"stop":1771564809811,"duration":556},"status":"passed","steps":[],"attachments":[],"parameters":[{"name":"element","value":"[[ChromeDriver: chrome on linux (9f57e8ada485813ee34a653c4f00e9bd)] -> xpath: //a[contains(@href, '/login')]]"},{"name":"description","value":"Link Signup/Login"}],"stepsCount":0,"shouldDisplayMessage":false,"attachmentsCount":0,"hasContent":true,"attachmentStep":false}],"attachments":[],"parameters":[],"stepsCount":1,"shouldDisplayMessage":false,"attachmentsCount":0,"hasContent":true,"attachmentStep":false}],"attachments":[],"parameters":[],"stepsCount":2,"shouldDisplayMessage":false,"attachmentsCount":0,"hasContent":true,"attachmentStep":false},{"name":"And  attempts to login with email \"no_correct_email_format\" and password \"ValidPass123!\"","time":{"start":1771564809812,"stop":1771564810189,"duration":377},"status":"passed","steps":[{"name":"Enter login email: no_correct_email_format","time":{"start":1771564809812,"stop":1771564809994,"duration":182},"status":"passed","steps":[{"name":"Type 'no_correct_email_format' into 'Input Email Login'","time":{"start":1771564809824,"stop":1771564809994,"duration":170},"status":"passed","steps":[],"attachments":[],"parameters":[{"name":"element","value":"[[ChromeDriver: chrome on linux (9f57e8ada485813ee34a653c4f00e9bd)] -> css selector: input[data-qa='login-email']]"},{"name":"text","value":"no_correct_email_format"},{"name":"description","value":"Input Email Login"}],"stepsCount":0,"shouldDisplayMessage":false,"attachmentsCount":0,"hasContent":true,"attachmentStep":false}],"attachments":[],"parameters":[{"name":"email","value":"no_correct_email_format"}],"stepsCount":1,"shouldDisplayMessage":false,"attachmentsCount":0,"hasContent":true,"attachmentStep":false},{"name":"Enter login password","time":{"start":1771564809994,"stop":1771564810090,"duration":96},"status":"passed","steps":[{"name":"Type 'ValidPass123!' into 'Input Password Login'","time":{"start":1771564810004,"stop":1771564810089,"duration":85},"status":"passed","steps":[],"attachments":[],"parameters":[{"name":"element","value":"[[ChromeDriver: chrome on linux (9f57e8ada485813ee34a653c4f00e9bd)] -> css selector: input[data-qa='login-password']]"},{"name":"text","value":"ValidPass123!"},{"name":"description","value":"Input Password Login"}],"stepsCount":0,"shouldDisplayMessage":false,"attachmentsCount":0,"hasContent":true,"attachmentStep":false}],"attachments":[],"parameters":[{"name":"password","value":"ValidPass123!"}],"stepsCount":1,"shouldDisplayMessage":false,"attachmentsCount":0,"hasContent":true,"attachmentStep":false},{"name":"Click on Login button","time":{"start":1771564810090,"stop":1771564810188,"duration":98},"status":"passed","steps":[{"name":"Click on 'Login Button'","time":{"start":1771564810100,"stop":1771564810188,"duration":88},"status":"passed","steps":[],"attachments":[],"parameters":[{"name":"element","value":"[[ChromeDriver: chrome on linux (9f57e8ada485813ee34a653c4f00e9bd)] -> css selector: button[data-qa='login-button']]"},{"name":"description","value":"Login Button"}],"stepsCount":0,"shouldDisplayMessage":false,"attachmentsCount":0,"hasContent":true,"attachmentStep":false}],"attachments":[],"parameters":[],"stepsCount":1,"shouldDisplayMessage":false,"attachmentsCount":0,"hasContent":true,"attachmentStep":false}],"attachments":[],"parameters":[],"stepsCount":6,"shouldDisplayMessage":false,"attachmentsCount":0,"hasContent":true,"attachmentStep":false},{"name":"Then  the error message \"Your email or password is incorrect!\" should be displayed","time":{"start":1771564810189,"stop":1771564820211,"duration":10022},"status":"failed","statusMessage":"ERROR: The login error message is not visible on screen. expected [true] but found [false]","statusTrace":"java.lang.AssertionError: ERROR: The login error message is not visible on screen. expected [true] but found [false]\n\tat org.testng.Assert.fail(Assert.java:111)\n\tat org.testng.Assert.failNotEquals(Assert.java:1578)\n\tat org.testng.Assert.assertTrue(Assert.java:57)\n\tat com.seek.challenge.questions.LoginQuestions.verifyErrorMessage(LoginQuestions.java:38)\n\tat com.seek.challenge.stepdefinitions.LoginSteps.theErrorMessageShouldBeDisplayed(LoginSteps.java:66)\n\tat ✽.the error message \"Your email or password is incorrect!\" should be displayed(file:///home/runner/work/test-automation-seek-challenge/test-automation-seek-challenge/src/test/resources/features/02_Login.feature:20)\n","steps":[{"name":"Verify login error message: Your email or password is incorrect!","time":{"start":1771564810189,"stop":1771564820207,"duration":10018},"status":"failed","statusMessage":"ERROR: The login error message is not visible on screen. expected [true] but found [false]","statusTrace":"java.lang.AssertionError: ERROR: The login error message is not visible on screen. expected [true] but found [false]\n\tat org.testng.Assert.fail(Assert.java:111)\n\tat org.testng.Assert.failNotEquals(Assert.java:1578)\n\tat org.testng.Assert.assertTrue(Assert.java:57)\n\tat com.seek.challenge.questions.LoginQuestions.verifyErrorMessage(LoginQuestions.java:38)\n\tat com.seek.challenge.stepdefinitions.LoginSteps.theErrorMessageShouldBeDisplayed(LoginSteps.java:66)\n\tat java.base/jdk.internal.reflect.NativeMethodAccessorImpl.invoke0(Native Method)\n\tat java.base/jdk.internal.reflect.NativeMethodAccessorImpl.invoke(NativeMethodAccessorImpl.java:77)\n\tat java.base/jdk.internal.reflect.DelegatingMethodAccessorImpl.invoke(DelegatingMethodAccessorImpl.java:43)\n\tat java.base/java.lang.reflect.Method.invoke(Method.java:569)\n\tat io.cucumber.java.Invoker.doInvoke(Invoker.java:66)\n\tat io.cucumber.java.Invoker.invoke(Invoker.java:24)\n\tat io.cucumber.java.AbstractGlueDefinition.invokeMethod(AbstractGlueDefinition.java:47)\n\tat io.cucumber.java.JavaStepDefinition.execute(JavaStepDefinition.java:29)\n\tat io.cucumber.core.runner.CoreStepDefinition.execute(CoreStepDefinition.java:66)\n\tat io.cucumber.core.runner.PickleStepDefinitionMatch.runStep(PickleStepDefinitionMatch.java:63)\n\tat io.cucumber.core.runner.ExecutionMode$1.execute(ExecutionMode.java:10)\n\tat io.cucumber.core.runner.TestStep.executeStep(TestStep.java:84)\n\tat io.cucumber.core.runner.TestStep.run(TestStep.java:56)\n\tat io.cucumber.core.runner.PickleStepTestStep.run(PickleStepTestStep.java:51)\n\tat io.cucumber.core.runner.TestCase.run(TestCase.java:84)\n\tat io.cucumber.core.runner.Runner.runPickle(Runner.java:75)\n\tat io.cucumber.testng.TestNGCucumberRunner.lambda$runScenario$1(TestNGCucumberRunner.java:132)\n\tat io.cucumber.core.runtime.CucumberExecutionContext.lambda$runTestCase$5(CucumberExecutionContext.java:137)\n\tat io.cucumber.core.runtime.RethrowingThrowableCollector.executeAndThrow(RethrowingThrowableCollector.java:23)\n\tat io.cucumber.core.runtime.CucumberExecutionContext.runTestCase(CucumberExecutionContext.java:137)\n\tat io.cucumber.testng.TestNGCucumberRunner.runScenario(TestNGCucumberRunner.java:129)\n\tat io.cucumber.testng.AbstractTestNGCucumberTests.runScenario(AbstractTestNGCucumberTests.java:35)\n\tat java.base/jdk.internal.reflect.NativeMethodAccessorImpl.invoke0(Native Method)\n\tat java.base/jdk.internal.reflect.NativeMethodAccessorImpl.invoke(NativeMethodAccessorImpl.java:77)\n\tat java.base/jdk.internal.reflect.DelegatingMethodAccessorImpl.invoke(DelegatingMethodAccessorImpl.java:43)\n\tat java.base/java.lang.reflect.Method.invoke(Method.java:569)\n\tat org.testng.internal.invokers.MethodInvocationHelper.invokeMethod(MethodInvocationHelper.java:139)\n\tat org.testng.internal.invokers.TestInvoker.invokeMethod(TestInvoker.java:664)\n\tat org.testng.internal.invokers.TestInvoker.invokeTestMethod(TestInvoker.java:227)\n\tat org.testng.internal.invokers.MethodRunner.runInSequence(MethodRunner.java:50)\n\tat org.testng.internal.invokers.TestInvoker$MethodInvocationAgent.invoke(TestInvoker.java:957)\n\tat org.testng.internal.invokers.TestInvoker.invokeTestMethods(TestInvoker.java:200)\n\tat org.testng.internal.invokers.TestMethodWorker.invokeTestMethods(TestMethodWorker.java:148)\n\tat org.testng.internal.invokers.TestMethodWorker.run(TestMethodWorker.java:128)\n\tat java.base/java.util.ArrayList.forEach(ArrayList.java:1511)\n\tat org.testng.TestRunner.privateRun(TestRunner.java:848)\n\tat org.testng.TestRunner.run(TestRunner.java:621)\n\tat org.testng.SuiteRunner.runTest(SuiteRunner.java:443)\n\tat org.testng.SuiteRunner.runSequentially(SuiteRunner.java:437)\n\tat org.testng.SuiteRunner.privateRun(SuiteRunner.java:397)\n\tat org.testng.SuiteRunner.run(SuiteRunner.java:336)\n\tat org.testng.SuiteRunnerWorker.runSuite(SuiteRunnerWorker.java:52)\n\tat org.testng.SuiteRunnerWorker.run(SuiteRunnerWorker.java:95)\n\tat org.testng.TestNG.runSuitesSequentially(TestNG.java:1280)\n\tat org.testng.TestNG.runSuitesLocally(TestNG.java:1200)\n\tat org.testng.TestNG.runSuites(TestNG.java:1114)\n\tat org.testng.TestNG.run(TestNG.java:1082)\n\tat org.apache.maven.surefire.testng.TestNGExecutor.run(TestNGExecutor.java:155)\n\tat org.apache.maven.surefire.testng.TestNGDirectoryTestSuite.executeSingleClass(TestNGDirectoryTestSuite.java:102)\n\tat org.apache.maven.surefire.testng.TestNGDirectoryTestSuite.execute(TestNGDirectoryTestSuite.java:91)\n\tat org.apache.maven.surefire.testng.TestNGProvider.invoke(TestNGProvider.java:137)\n\tat org.apache.maven.surefire.booter.ForkedBooter.runSuitesInProcess(ForkedBooter.java:385)\n\tat org.apache.maven.surefire.booter.ForkedBooter.execute(ForkedBooter.java:162)\n\tat org.apache.maven.surefire.booter.ForkedBooter.run(ForkedBooter.java:507)\n\tat org.apache.maven.surefire.booter.ForkedBooter.main(ForkedBooter.java:495)\n","steps":[],"attachments":[],"parameters":[{"name":"expectedMessage","value":"Your email or password is incorrect!"}],"stepsCount":0,"shouldDisplayMessage":true,"attachmentsCount":0,"hasContent":true,"attachmentStep":false}],"attachments":[],"parameters":[],"stepsCount":1,"shouldDisplayMessage":false,"attachmentsCount":0,"hasContent":true,"attachmentStep":false}],"attachments":[],"parameters":[],"stepsCount":14,"shouldDisplayMessage":false,"attachmentsCount":0,"hasContent":true,"attachmentStep":false},"afterStages":[{"name":"com.seek.challenge.hooks.Hooks.cleanUpData(io.cucumber.java.Scenario)","time":{"start":1771564820212,"stop":1771564822252,"duration":2040},"status":"passed","steps":[],"attachments":[],"parameters":[],"stepsCount":0,"shouldDisplayMessage":false,"attachmentsCount":0,"hasContent":false,"attachmentStep":false},{"name":"com.seek.challenge.hooks.Hooks.tearDown(io.cucumber.java.Scenario)","time":{"start":1771564822253,"stop":1771564822422,"duration":169},"status":"passed","steps":[],"attachments":[{"uid":"f025534305b4c4c0","name":"Screenshot Failure","source":"f025534305b4c4c0.png","type":"image/png","size":37630}],"parameters":[],"stepsCount":0,"shouldDisplayMessage":false,"attachmentsCount":1,"hasContent":true,"attachmentStep":false}],"labels":[{"name":"tag","value":"Login"},{"name":"tag","value":"Regression"},{"name":"tag","value":"Negative"},{"name":"host","value":"runnervmwffz4"},{"name":"thread","value":"2652@runnervmwffz4.main(1)"},{"name":"feature","value":"User Authentication"},{"name":"story","value":"Login attempt with invalid credentials"},{"name":"suite","value":"User Authentication"},{"name":"testClass","value":"Login attempt with invalid credentials"},{"name":"framework","value":"cucumber4jvm"},{"name":"language","value":"java"},{"name":"gherkin_uri","value":"file:///home/runner/work/test-automation-seek-challenge/test-automation-seek-challenge/src/test/resources/features/02_Login.feature"},{"name":"package","value":"src.test.resources.features.02_Login_feature.User Authentication"},{"name":"resultFormat","value":"allure2"}],"parameters":[{"name":"email","value":"no_correct_email_format"},{"name":"password","value":"ValidPass123!"}],"links":[],"hidden":false,"retry":false,"extra":{"severity":"normal","retries":[],"categories":[{"name":"Product defects","matchedStatuses":[],"flaky":false}],"history":{"statistic":{"failed":2,"broken":0,"skipped":0,"passed":0,"unknown":0,"total":2},"items":[{"uid":"8449194b989a1cfe","reportUrl":"https://SGutierrez-11.github.io/test-automation-seek-challenge/7/#testresult/8449194b989a1cfe","status":"failed","statusDetails":"ERROR: The login error message is not visible on screen. expected [true] but found [false]","time":{"start":1771563462849,"stop":1771563477780,"duration":14931}}]},"tags":["Negative","Regression","Login"]},"source":"d641492d7f5eeaef.json","parameterValues":["no_correct_email_format","ValidPass123!"]}